LOG 2026/01/25
Save Path: D:\desktop\UniversalCrawler\Logs
Task Start: 2026/01/25 09:43:21
Task CommandLine: N_m3u8DL-RE.exe https://surrit.com/4e5a865e-4183-4b18-8a9c-98b14277eceb/playlist.m3u8 --save-dir D:/desktop --save-name 没性是你的错……今天中午开始找男人 --thread-count 16 --download-retry-count 10 --auto-select true --header "User-Agent: Mozilla/5.0 (Windows NT 10.0; Win64; x64) AppleWebKit/537.36 (KHTML, like Gecko) Chrome/120.0.0.0 Safari/537.36" --header "Referer: https://missav.ai/dm65/cn/onsd-926" --mux-after-done format=mp4

09:43:21.985 INFO : N_m3u8DL-RE (Beta version) 20251029
09:43:21.988 EXTRA: ffmpeg => D:\desktop\UniversalCrawler\ffmpeg.exe
09:43:21.989 EXTRA: User-Defined Header => user-agent: Mozilla/5.0 (Windows NT 10.0; Win64; x64) AppleWebKit/537.36 (KHTML, like Gecko) Chrome/120.0.0.0 Safari/537.36
09:43:21.989 EXTRA: User-Defined Header => referer: https://missav.ai/dm65/cn/onsd-926
09:43:21.990 INFO : 加载URL: https://surrit.com/4e5a865e-4183-4b18-8a9c-98b14277eceb/playlist.m3u8
09:43:22.563 INFO : 内容匹配: HTTP Live Streaming
09:43:22.565 INFO : 正在解析媒体信息...
09:43:22.566 WARN : 检测到Master列表，开始解析全部流信息
09:43:22.571 WARN : 写出meta json
09:43:22.577 INFO : 已解析, 共计 2 条媒体流, 基本流 2 条, 可选音频流 0 条, 可选字幕流 0 条
09:43:22.578 INFO : Vid 842x480 | 1400 Kbps
09:43:22.579 INFO : Vid 640x360 | 800 Kbps
09:43:22.580 INFO : 正在解析媒体信息...
09:43:22.750 INFO : 已选择的流:
09:43:22.755 INFO : Vid 842x480 | 1400 Kbps | 3651 Segments | ~04h03m20s
09:43:22.757 WARN : 写出meta json
09:43:22.769 INFO : 保存文件名: 没性是你的错……今天中午开始找男人
09:43:22.771 WARN : 你已开启下载完成后混流，自动开启二进制合并
09:43:22.779 INFO : 开始下载...Vid 842x480 | 1400 Kbps
09:43:22.940 WARN : 读取媒体信息...
09:43:23.156 INFO : [0x100]: Video, h264 (Main) ([27][0][0][0]), 842x464, 29.97 fps
09:43:23.158 INFO : [0x101]: Audio, aac (LC) ([15][0][0][0]), 4 kb/s
